app/build/intermediates/manifest_merge_blame_file/debug/processDebugMainManifest/manifest-merger-blame-debug-report.txt
1<?xml version="1.0" encoding="utf-8"?>
2<manifest xmlns:android="http://schemas.android.com/apk/res/android"
3    package="com.example.fyp"
4    android:versionCode="1"
5    android:versionName="1.0" >
6
7    <uses-sdk
8        android:minSdkVersion="24"
9        android:targetSdkVersion="34" />
10    <!-- Permissions for Internet & Camera -->
11    <uses-feature android:name="android.hardware.camera.autofocus" />
11-->src\main\AndroidManifest.xml:5:5-70
11-->src\main\AndroidManifest.xml:5:19-67
12    <uses-feature android:name="android.hardware.camera.front" />
12-->src\main\AndroidManifest.xml:6:5-66
12-->src\main\AndroidManifest.xml:6:19-63
13    <uses-feature android:name="android.hardware.camera.any" />
13-->src\main\AndroidManifest.xml:7:5-64
13-->src\main\AndroidManifest.xml:7:19-61
14    <uses-feature
14-->src\main\AndroidManifest.xml:8:5-78
15        android:glEsVersion="0x00030000"
15-->src\main\AndroidManifest.xml:8:19-51
16        android:required="true" />
16-->src\main\AndroidManifest.xml:8:52-75
17
18    <uses-permission android:name="android.permission.INTERNET" />
18-->src\main\AndroidManifest.xml:9:5-67
18-->src\main\AndroidManifest.xml:9:22-64
19    <uses-permission android:name="android.permission.READ_EXTERNAL_STORAGE" />
19-->src\main\AndroidManifest.xml:10:5-80
19-->src\main\AndroidManifest.xml:10:22-77
20    <uses-permission
20-->src\main\AndroidManifest.xml:11:5-12:38
21        android:name="android.permission.WRITE_EXTERNAL_STORAGE"
21-->src\main\AndroidManifest.xml:11:22-78
22        android:maxSdkVersion="28" />
22-->src\main\AndroidManifest.xml:12:9-35
23    <uses-permission android:name="android.permission.CAMERA" /> <!-- ARCore Requirements -->
23-->src\main\AndroidManifest.xml:13:5-65
23-->src\main\AndroidManifest.xml:13:22-62
24    <uses-permission android:name="android.permission.RECORD_AUDIO" />
24-->src\main\AndroidManifest.xml:14:5-71
24-->src\main\AndroidManifest.xml:14:22-68
25
26    <uses-feature android:name="android.hardware.camera.ar" />
26-->src\main\AndroidManifest.xml:15:5-63
26-->src\main\AndroidManifest.xml:15:19-60
27    <uses-feature
27-->src\main\AndroidManifest.xml:16:5-18:35
28        android:name="android.hardware.camera"
28-->src\main\AndroidManifest.xml:17:9-47
29        android:required="true" />
29-->src\main\AndroidManifest.xml:18:9-32
30
31    <meta-data
31-->src\main\AndroidManifest.xml:19:5-21:36
32        android:name="com.google.ar.core"
32-->src\main\AndroidManifest.xml:20:9-42
33        android:value="optional" />
33-->src\main\AndroidManifest.xml:21:9-33
34
35    <queries>
35-->[androidx.camera:camera-extensions:1.4.2] AndroidManifest.xml:22:5-26:15
36        <intent>
36-->[androidx.camera:camera-extensions:1.4.2] AndroidManifest.xml:23:9-25:18
37            <action android:name="androidx.camera.extensions.action.VENDOR_ACTION" />
37-->[androidx.camera:camera-extensions:1.4.2] AndroidManifest.xml:24:13-86
37-->[androidx.camera:camera-extensions:1.4.2] AndroidManifest.xml:24:21-83
38        </intent>
39
40        <package android:name="com.google.ar.core" />
40-->[com.google.ar:core:1.40.0] AndroidManifest.xml:21:9-54
40-->[com.google.ar:core:1.40.0] AndroidManifest.xml:21:18-51
41    </queries>
42
43    <uses-permission android:name="android.permission.ACCESS_NETWORK_STATE" />
43-->[com.google.firebase:firebase-auth:23.2.0] AndroidManifest.xml:26:5-79
43-->[com.google.firebase:firebase-auth:23.2.0] AndroidManifest.xml:26:22-76
44    <uses-permission android:name="android.permission.WAKE_LOCK" />
44-->[com.google.android.gms:play-services-measurement:22.3.0] AndroidManifest.xml:25:5-68
44-->[com.google.android.gms:play-services-measurement:22.3.0] AndroidManifest.xml:25:22-65
45    <uses-permission android:name="com.google.android.finsky.permission.BIND_GET_INSTALL_REFERRER_SERVICE" />
45-->[com.google.android.gms:play-services-measurement:22.3.0] AndroidManifest.xml:26:5-110
45-->[com.google.android.gms:play-services-measurement:22.3.0] AndroidManifest.xml:26:22-107
46    <uses-permission android:name="com.google.android.gms.permission.AD_ID" />
46-->[com.google.android.gms:play-services-measurement-api:22.3.0] AndroidManifest.xml:25:5-79
46-->[com.google.android.gms:play-services-measurement-api:22.3.0] AndroidManifest.xml:25:22-76
47    <uses-permission android:name="android.permission.ACCESS_ADSERVICES_ATTRIBUTION" />
47-->[com.google.android.gms:play-services-measurement-api:22.3.0] AndroidManifest.xml:26:5-88
47-->[com.google.android.gms:play-services-measurement-api:22.3.0] AndroidManifest.xml:26:22-85
48    <uses-permission android:name="android.permission.ACCESS_ADSERVICES_AD_ID" />
48-->[com.google.android.gms:play-services-measurement-api:22.3.0] AndroidManifest.xml:27:5-82
48-->[com.google.android.gms:play-services-measurement-api:22.3.0] AndroidManifest.xml:27:22-79
49    <uses-permission android:name="com.google.android.providers.gsf.permission.READ_GSERVICES" />
49-->[com.google.android.recaptcha:recaptcha:18.6.1] AndroidManifest.xml:9:5-98
49-->[com.google.android.recaptcha:recaptcha:18.6.1] AndroidManifest.xml:9:22-95
50    <uses-permission android:name="android.permission.RECEIVE_BOOT_COMPLETED" />
50-->[androidx.work:work-runtime:2.7.0] AndroidManifest.xml:27:5-81
50-->[androidx.work:work-runtime:2.7.0] AndroidManifest.xml:27:22-78
51    <uses-permission android:name="android.permission.FOREGROUND_SERVICE" />
51-->[androidx.work:work-runtime:2.7.0] AndroidManifest.xml:28:5-77
51-->[androidx.work:work-runtime:2.7.0] AndroidManifest.xml:28:22-74
52
53    <permission
53-->[androidx.core:core:1.12.0] AndroidManifest.xml:22:5-24:47
54        android:name="com.example.fyp.DYNAMIC_RECEIVER_NOT_EXPORTED_PERMISSION"
54-->[androidx.core:core:1.12.0] AndroidManifest.xml:23:9-81
55        android:protectionLevel="signature" />
55-->[androidx.core:core:1.12.0] AndroidManifest.xml:24:9-44
56
57    <uses-permission android:name="com.example.fyp.DYNAMIC_RECEIVER_NOT_EXPORTED_PERMISSION" />
57-->[androidx.core:core:1.12.0] AndroidManifest.xml:26:5-97
57-->[androidx.core:core:1.12.0] AndroidManifest.xml:26:22-94
58
59    <application
59-->src\main\AndroidManifest.xml:22:5-131:19
60        android:allowBackup="true"
60-->src\main\AndroidManifest.xml:23:9-35
61        android:appComponentFactory="androidx.core.app.CoreComponentFactory"
61-->[androidx.core:core:1.12.0] AndroidManifest.xml:28:18-86
62        android:debuggable="true"
63        android:extractNativeLibs="false"
64        android:fullBackupContent="@xml/backup_config"
64-->[com.cloudinary:cloudinary-android-core:2.0.0] AndroidManifest.xml:11:18-64
65        android:icon="@drawable/logo"
65-->src\main\AndroidManifest.xml:24:9-38
66        android:label="@string/app_name"
66-->src\main\AndroidManifest.xml:25:9-41
67        android:roundIcon="@mipmap/ic_launcher_round"
67-->src\main\AndroidManifest.xml:26:9-54
68        android:supportsRtl="true"
68-->src\main\AndroidManifest.xml:27:9-35
69        android:testOnly="true"
70        android:theme="@style/Theme.P" >
70-->src\main\AndroidManifest.xml:28:9-39
71        <activity
71-->src\main\AndroidManifest.xml:31:9-33:40
72            android:name="com.example.fyp.ARTryOnActivity"
72-->src\main\AndroidManifest.xml:32:13-44
73            android:exported="false" />
73-->src\main\AndroidManifest.xml:33:13-37
74        <activity
74-->src\main\AndroidManifest.xml:34:9-36:40
75            android:name="com.example.fyp.AdminProductDetailsActivity"
75-->src\main\AndroidManifest.xml:35:13-56
76            android:exported="false" />
76-->src\main\AndroidManifest.xml:36:13-37
77        <activity
77-->src\main\AndroidManifest.xml:37:9-39:40
78            android:name="com.example.fyp.AddProductActivity"
78-->src\main\AndroidManifest.xml:38:13-47
79            android:exported="false" />
79-->src\main\AndroidManifest.xml:39:13-37
80        <activity
80-->src\main\AndroidManifest.xml:40:9-42:40
81            android:name="com.example.fyp.EditProductActivity"
81-->src\main\AndroidManifest.xml:41:13-48
82            android:exported="false" />
82-->src\main\AndroidManifest.xml:42:13-37
83        <activity
83-->src\main\AndroidManifest.xml:43:9-46:56
84            android:name="com.example.fyp.AdminProductListActivity"
84-->src\main\AndroidManifest.xml:44:13-53
85            android:exported="false"
85-->src\main\AndroidManifest.xml:45:13-37
86            android:theme="@style/Theme.YourAppName" />
86-->src\main\AndroidManifest.xml:46:13-53
87        <activity
87-->src\main\AndroidManifest.xml:47:9-49:40
88            android:name="com.example.fyp.ProductDetailsActivity"
88-->src\main\AndroidManifest.xml:48:13-51
89            android:exported="false" />
89-->src\main\AndroidManifest.xml:49:13-37
90        <activity
90-->src\main\AndroidManifest.xml:50:9-52:40
91            android:name="com.example.fyp.ProductListActivity"
91-->src\main\AndroidManifest.xml:51:13-48
92            android:exported="false" />
92-->src\main\AndroidManifest.xml:52:13-37
93        <activity
93-->src\main\AndroidManifest.xml:53:9-55:40
94            android:name="com.example.fyp.ViewReportsActivity"
94-->src\main\AndroidManifest.xml:54:13-48
95            android:exported="false" />
95-->src\main\AndroidManifest.xml:55:13-37
96        <activity
96-->src\main\AndroidManifest.xml:56:9-58:40
97            android:name="com.example.fyp.ManageOrdersActivity"
97-->src\main\AndroidManifest.xml:57:13-49
98            android:exported="false" />
98-->src\main\AndroidManifest.xml:58:13-37
99        <activity
99-->src\main\AndroidManifest.xml:59:9-62:56
100            android:name="com.example.fyp.ManageInventoryActivity"
100-->src\main\AndroidManifest.xml:60:13-52
101            android:exported="false"
101-->src\main\AndroidManifest.xml:61:13-37
102            android:theme="@style/Theme.YourAppName" />
102-->src\main\AndroidManifest.xml:62:13-53
103        <activity
103-->src\main\AndroidManifest.xml:63:9-65:40
104            android:name="com.example.fyp.ManageUsersActivity"
104-->src\main\AndroidManifest.xml:64:13-48
105            android:exported="false" />
105-->src\main\AndroidManifest.xml:65:13-37
106        <activity
106-->src\main\AndroidManifest.xml:66:9-68:39
107            android:name="com.example.fyp.AdminDashboardActivity"
107-->src\main\AndroidManifest.xml:67:13-51
108            android:exported="true" /> <!-- Firebase Authentication Meta-data -->
108-->src\main\AndroidManifest.xml:68:13-36
109        <meta-data
109-->src\main\AndroidManifest.xml:69:9-71:61
110            android:name="com.google.firebase.auth.API_KEY"
110-->src\main\AndroidManifest.xml:70:13-60
111            android:value="@string/default_web_client_id" /> <!-- ARCore Meta-data -->
111-->src\main\AndroidManifest.xml:71:13-58
112        <meta-data
112-->src\main\AndroidManifest.xml:19:5-21:36
113            android:name="com.google.ar.core"
113-->src\main\AndroidManifest.xml:20:9-42
114            android:value="required" /> <!-- Splash Screen / Get Started Activity -->
114-->src\main\AndroidManifest.xml:21:9-33
115        <activity
115-->src\main\AndroidManifest.xml:75:9-84:20
116            android:name="com.example.fyp.GetStarted"
116-->src\main\AndroidManifest.xml:76:13-39
117            android:exported="true"
117-->src\main\AndroidManifest.xml:77:13-36
118            android:theme="@style/Theme.YourAppName" >
118-->src\main\AndroidManifest.xml:78:13-53
119            <intent-filter>
119-->src\main\AndroidManifest.xml:79:13-83:29
120                <action android:name="android.intent.action.MAIN" />
120-->src\main\AndroidManifest.xml:80:17-69
120-->src\main\AndroidManifest.xml:80:25-66
121
122                <category android:name="android.intent.category.LAUNCHER" />
122-->src\main\AndroidManifest.xml:82:17-77
122-->src\main\AndroidManifest.xml:82:27-74
123            </intent-filter>
124        </activity> <!-- Main App Activity -->
125        <activity
125-->src\main\AndroidManifest.xml:85:9-94:20
126            android:name="com.example.fyp.MainActivity"
126-->src\main\AndroidManifest.xml:86:13-41
127            android:exported="true"
127-->src\main\AndroidManifest.xml:87:13-36
128            android:theme="@style/Theme.YourAppName" >
128-->src\main\AndroidManifest.xml:88:13-53
129            <intent-filter>
129-->src\main\AndroidManifest.xml:89:13-93:29
130                <action android:name="android.intent.action.VIEW" />
130-->src\main\AndroidManifest.xml:90:17-69
130-->src\main\AndroidManifest.xml:90:25-66
131
132                <category android:name="android.intent.category.DEFAULT" />
132-->src\main\AndroidManifest.xml:92:17-76
132-->src\main\AndroidManifest.xml:92:27-73
133            </intent-filter>
134        </activity> <!-- Authentication Activities -->
135        <activity
135-->src\main\AndroidManifest.xml:95:9-98:56
136            android:name="com.example.fyp.SignUpActivity"
136-->src\main\AndroidManifest.xml:96:13-43
137            android:exported="true"
137-->src\main\AndroidManifest.xml:97:13-36
138            android:theme="@style/Theme.YourAppName" />
138-->src\main\AndroidManifest.xml:98:13-53
139        <activity
139-->src\main\AndroidManifest.xml:99:9-102:56
140            android:name="com.example.fyp.SigninActivity"
140-->src\main\AndroidManifest.xml:100:13-43
141            android:exported="true"
141-->src\main\AndroidManifest.xml:101:13-36
142            android:theme="@style/Theme.YourAppName" />
142-->src\main\AndroidManifest.xml:102:13-53
143        <activity
143-->src\main\AndroidManifest.xml:103:9-106:56
144            android:name="com.example.fyp.ForgotPasswordActivity"
144-->src\main\AndroidManifest.xml:104:13-51
145            android:exported="false"
145-->src\main\AndroidManifest.xml:105:13-37
146            android:theme="@style/Theme.YourAppName" /> <!-- AR Try-On Activity -->
146-->src\main\AndroidManifest.xml:106:13-53
147        <activity
147-->src\main\AndroidManifest.xml:107:9-110:56
148            android:name="com.example.fyp.EditProfileActivity"
148-->src\main\AndroidManifest.xml:108:13-48
149            android:exported="false"
149-->src\main\AndroidManifest.xml:109:13-37
150            android:theme="@style/Theme.YourAppName" />
150-->src\main\AndroidManifest.xml:110:13-53
151        <activity
151-->src\main\AndroidManifest.xml:111:9-114:56
152            android:name="com.example.fyp.OrderActivity"
152-->src\main\AndroidManifest.xml:112:13-42
153            android:exported="false"
153-->src\main\AndroidManifest.xml:113:13-37
154            android:theme="@style/Theme.YourAppName" /> <!-- Customer Support & Chats -->
154-->src\main\AndroidManifest.xml:114:13-53
155        <activity
155-->src\main\AndroidManifest.xml:115:9-118:56
156            android:name="com.example.fyp.CustomerSupportActivity"
156-->src\main\AndroidManifest.xml:116:13-52
157            android:exported="false"
157-->src\main\AndroidManifest.xml:117:13-37
158            android:theme="@style/Theme.YourAppName" />
158-->src\main\AndroidManifest.xml:118:13-53
159        <activity
159-->src\main\AndroidManifest.xml:119:9-122:56
160            android:name="com.example.fyp.ChatsActivity"
160-->src\main\AndroidManifest.xml:120:13-42
161            android:exported="false"
161-->src\main\AndroidManifest.xml:121:13-37
162            android:theme="@style/Theme.YourAppName" /> <!-- Delivery & Notifications -->
162-->src\main\AndroidManifest.xml:122:13-53
163        <activity
163-->src\main\AndroidManifest.xml:123:9-126:56
164            android:name="com.example.fyp.DeliveryActivity"
164-->src\main\AndroidManifest.xml:124:13-45
165            android:exported="false"
165-->src\main\AndroidManifest.xml:125:13-37
166            android:theme="@style/Theme.YourAppName" />
166-->src\main\AndroidManifest.xml:126:13-53
167        <activity
167-->src\main\AndroidManifest.xml:127:9-130:56
168            android:name="com.example.fyp.NotificationActivity"
168-->src\main\AndroidManifest.xml:128:13-49
169            android:exported="false"
169-->src\main\AndroidManifest.xml:129:13-37
170            android:theme="@style/Theme.YourAppName" />
170-->src\main\AndroidManifest.xml:130:13-53
171        <activity
171-->[com.cloudinary:cloudinary-android-ui:2.0.0] AndroidManifest.xml:10:9-13:56
172            android:name="com.cloudinary.android.uploadwidget.ui.UploadWidgetActivity"
172-->[com.cloudinary:cloudinary-android-ui:2.0.0] AndroidManifest.xml:11:13-87
173            android:configChanges="orientation"
173-->[com.cloudinary:cloudinary-android-ui:2.0.0] AndroidManifest.xml:12:13-48
174            android:theme="@style/UploadWidgetTheme" />
174-->[com.cloudinary:cloudinary-android-ui:2.0.0] AndroidManifest.xml:13:13-53
175
176        <uses-library
176-->[androidx.camera:camera-extensions:1.4.2] AndroidManifest.xml:29:9-31:40
177            android:name="androidx.camera.extensions.impl"
177-->[androidx.camera:camera-extensions:1.4.2] AndroidManifest.xml:30:13-59
178            android:required="false" />
178-->[androidx.camera:camera-extensions:1.4.2] AndroidManifest.xml:31:13-37
179
180        <service
180-->[androidx.camera:camera-camera2:1.4.2] AndroidManifest.xml:24:9-33:19
181            android:name="androidx.camera.core.impl.MetadataHolderService"
181-->[androidx.camera:camera-camera2:1.4.2] AndroidManifest.xml:25:13-75
182            android:enabled="false"
182-->[androidx.camera:camera-camera2:1.4.2] AndroidManifest.xml:26:13-36
183            android:exported="false" >
183-->[androidx.camera:camera-camera2:1.4.2] AndroidManifest.xml:27:13-37
184            <meta-data
184-->[androidx.camera:camera-camera2:1.4.2] AndroidManifest.xml:30:13-32:89
185                android:name="androidx.camera.core.impl.MetadataHolderService.DEFAULT_CONFIG_PROVIDER"
185-->[androidx.camera:camera-camera2:1.4.2] AndroidManifest.xml:31:17-103
186                android:value="androidx.camera.camera2.Camera2Config$DefaultProvider" />
186-->[androidx.camera:camera-camera2:1.4.2] AndroidManifest.xml:32:17-86
187        </service>
188
189        <provider
189-->[androidx.emoji2:emoji2:1.2.0] AndroidManifest.xml:24:9-32:20
190            android:name="androidx.startup.InitializationProvider"
190-->[androidx.emoji2:emoji2:1.2.0] AndroidManifest.xml:25:13-67
191            android:authorities="com.example.fyp.androidx-startup"
191-->[androidx.emoji2:emoji2:1.2.0] AndroidManifest.xml:26:13-68
192            android:exported="false" >
192-->[androidx.emoji2:emoji2:1.2.0] AndroidManifest.xml:27:13-37
193            <meta-data
193-->[androidx.emoji2:emoji2:1.2.0] AndroidManifest.xml:29:13-31:52
194                android:name="androidx.emoji2.text.EmojiCompatInitializer"
194-->[androidx.emoji2:emoji2:1.2.0] AndroidManifest.xml:30:17-75
195                android:value="androidx.startup" />
195-->[androidx.emoji2:emoji2:1.2.0] AndroidManifest.xml:31:17-49
196            <meta-data
196-->[androidx.work:work-runtime:2.7.0] AndroidManifest.xml:36:13-38:52
197                android:name="androidx.work.WorkManagerInitializer"
197-->[androidx.work:work-runtime:2.7.0] AndroidManifest.xml:37:17-68
198                android:value="androidx.startup" />
198-->[androidx.work:work-runtime:2.7.0] AndroidManifest.xml:38:17-49
199            <meta-data
199-->[androidx.lifecycle:lifecycle-process:2.6.2] AndroidManifest.xml:29:13-31:52
200                android:name="androidx.lifecycle.ProcessLifecycleInitializer"
200-->[androidx.lifecycle:lifecycle-process:2.6.2] AndroidManifest.xml:30:17-78
201                android:value="androidx.startup" />
201-->[androidx.lifecycle:lifecycle-process:2.6.2] AndroidManifest.xml:31:17-49
202            <meta-data
202-->[androidx.profileinstaller:profileinstaller:1.3.0] AndroidManifest.xml:29:13-31:52
203                android:name="androidx.profileinstaller.ProfileInstallerInitializer"
203-->[androidx.profileinstaller:profileinstaller:1.3.0] AndroidManifest.xml:30:17-85
204                android:value="androidx.startup" />
204-->[androidx.profileinstaller:profileinstaller:1.3.0] AndroidManifest.xml:31:17-49
205        </provider>
206
207        <service
207-->[com.google.firebase:firebase-auth-ktx:23.2.0] AndroidManifest.xml:8:9-14:19
208            android:name="com.google.firebase.components.ComponentDiscoveryService"
208-->[com.google.firebase:firebase-auth-ktx:23.2.0] AndroidManifest.xml:9:13-84
209            android:directBootAware="true"
209-->[com.google.firebase:firebase-common:21.0.0] AndroidManifest.xml:32:13-43
210            android:exported="false" >
210-->[com.google.firebase:firebase-auth-ktx:23.2.0] AndroidManifest.xml:10:13-37
211            <meta-data
211-->[com.google.firebase:firebase-auth-ktx:23.2.0] AndroidManifest.xml:11:13-13:85
212                android:name="com.google.firebase.components:com.google.firebase.auth.ktx.FirebaseAuthLegacyRegistrar"
212-->[com.google.firebase:firebase-auth-ktx:23.2.0] AndroidManifest.xml:12:17-119
213                android:value="com.google.firebase.components.ComponentRegistrar" />
213-->[com.google.firebase:firebase-auth-ktx:23.2.0] AndroidManifest.xml:13:17-82
214            <meta-data
214-->[com.google.firebase:firebase-auth:23.2.0] AndroidManifest.xml:69:13-71:85
215                android:name="com.google.firebase.components:com.google.firebase.auth.FirebaseAuthRegistrar"
215-->[com.google.firebase:firebase-auth:23.2.0] AndroidManifest.xml:70:17-109
216                android:value="com.google.firebase.components.ComponentRegistrar" />
216-->[com.google.firebase:firebase-auth:23.2.0] AndroidManifest.xml:71:17-82
217            <meta-data
217-->[com.google.android.gms:play-services-measurement-api:22.3.0] AndroidManifest.xml:33:13-35:85
218                android:name="com.google.firebase.components:com.google.firebase.analytics.connector.internal.AnalyticsConnectorRegistrar"
218-->[com.google.android.gms:play-services-measurement-api:22.3.0] AndroidManifest.xml:34:17-139
219                android:value="com.google.firebase.components.ComponentRegistrar" />
219-->[com.google.android.gms:play-services-measurement-api:22.3.0] AndroidManifest.xml:35:17-82
220            <meta-data
220-->[com.google.firebase:firebase-database-ktx:21.0.0] AndroidManifest.xml:12:13-14:85
221                android:name="com.google.firebase.components:com.google.firebase.database.ktx.FirebaseDatabaseLegacyRegistrar"
221-->[com.google.firebase:firebase-database-ktx:21.0.0] AndroidManifest.xml:13:17-127
222                android:value="com.google.firebase.components.ComponentRegistrar" />
222-->[com.google.firebase:firebase-database-ktx:21.0.0] AndroidManifest.xml:14:17-82
223            <meta-data
223-->[com.google.firebase:firebase-firestore-ktx:25.1.2] AndroidManifest.xml:12:13-14:85
224                android:name="com.google.firebase.components:com.google.firebase.firestore.ktx.FirebaseFirestoreLegacyRegistrar"
224-->[com.google.firebase:firebase-firestore-ktx:25.1.2] AndroidManifest.xml:13:17-129
225                android:value="com.google.firebase.components.ComponentRegistrar" />
225-->[com.google.firebase:firebase-firestore-ktx:25.1.2] AndroidManifest.xml:14:17-82
226            <meta-data
226-->[com.google.firebase:firebase-storage-ktx:21.0.1] AndroidManifest.xml:12:13-14:85
227                android:name="com.google.firebase.components:com.google.firebase.storage.ktx.FirebaseStorageLegacyRegistrar"
227-->[com.google.firebase:firebase-storage-ktx:21.0.1] AndroidManifest.xml:13:17-125
228                android:value="com.google.firebase.components.ComponentRegistrar" />
228-->[com.google.firebase:firebase-storage-ktx:21.0.1] AndroidManifest.xml:14:17-82
229            <meta-data
229-->[com.google.firebase:firebase-database:21.0.0] AndroidManifest.xml:29:13-31:85
230                android:name="com.google.firebase.components:com.google.firebase.database.FirebaseDatabaseKtxRegistrar"
230-->[com.google.firebase:firebase-database:21.0.0] AndroidManifest.xml:30:17-120
231                android:value="com.google.firebase.components.ComponentRegistrar" />
231-->[com.google.firebase:firebase-database:21.0.0] AndroidManifest.xml:31:17-82
232            <meta-data
232-->[com.google.firebase:firebase-database:21.0.0] AndroidManifest.xml:32:13-34:85
233                android:name="com.google.firebase.components:com.google.firebase.database.DatabaseRegistrar"
233-->[com.google.firebase:firebase-database:21.0.0] AndroidManifest.xml:33:17-109
234                android:value="com.google.firebase.components.ComponentRegistrar" />
234-->[com.google.firebase:firebase-database:21.0.0] AndroidManifest.xml:34:17-82
235            <meta-data
235-->[com.google.firebase:firebase-firestore:25.1.2] AndroidManifest.xml:17:13-19:85
236                android:name="com.google.firebase.components:com.google.firebase.firestore.FirebaseFirestoreKtxRegistrar"
236-->[com.google.firebase:firebase-firestore:25.1.2] AndroidManifest.xml:18:17-122
237                android:value="com.google.firebase.components.ComponentRegistrar" />
237-->[com.google.firebase:firebase-firestore:25.1.2] AndroidManifest.xml:19:17-82
238            <meta-data
238-->[com.google.firebase:firebase-firestore:25.1.2] AndroidManifest.xml:20:13-22:85
239                android:name="com.google.firebase.components:com.google.firebase.firestore.FirestoreRegistrar"
239-->[com.google.firebase:firebase-firestore:25.1.2] AndroidManifest.xml:21:17-111
240                android:value="com.google.firebase.components.ComponentRegistrar" />
240-->[com.google.firebase:firebase-firestore:25.1.2] AndroidManifest.xml:22:17-82
241            <meta-data
241-->[com.google.firebase:firebase-storage:21.0.1] AndroidManifest.xml:30:13-32:85
242                android:name="com.google.firebase.components:com.google.firebase.storage.FirebaseStorageKtxRegistrar"
242-->[com.google.firebase:firebase-storage:21.0.1] AndroidManifest.xml:31:17-118
243                android:value="com.google.firebase.components.ComponentRegistrar" />
243-->[com.google.firebase:firebase-storage:21.0.1] AndroidManifest.xml:32:17-82
244            <meta-data
244-->[com.google.firebase:firebase-storage:21.0.1] AndroidManifest.xml:33:13-35:85
245                android:name="com.google.firebase.components:com.google.firebase.storage.StorageRegistrar"
245-->[com.google.firebase:firebase-storage:21.0.1] AndroidManifest.xml:34:17-107
246                android:value="com.google.firebase.components.ComponentRegistrar" />
246-->[com.google.firebase:firebase-storage:21.0.1] AndroidManifest.xml:35:17-82
247            <meta-data
247-->[com.google.firebase:firebase-installations:18.0.0] AndroidManifest.xml:15:13-17:85
248                android:name="com.google.firebase.components:com.google.firebase.installations.FirebaseInstallationsKtxRegistrar"
248-->[com.google.firebase:firebase-installations:18.0.0] AndroidManifest.xml:16:17-130
249                android:value="com.google.firebase.components.ComponentRegistrar" />
249-->[com.google.firebase:firebase-installations:18.0.0] AndroidManifest.xml:17:17-82
250            <meta-data
250-->[com.google.firebase:firebase-installations:18.0.0] AndroidManifest.xml:18:13-20:85
251                android:name="com.google.firebase.components:com.google.firebase.installations.FirebaseInstallationsRegistrar"
251-->[com.google.firebase:firebase-installations:18.0.0] AndroidManifest.xml:19:17-127
252                android:value="com.google.firebase.components.ComponentRegistrar" />
252-->[com.google.firebase:firebase-installations:18.0.0] AndroidManifest.xml:20:17-82
253            <meta-data
253-->[com.google.firebase:firebase-appcheck:18.0.0] AndroidManifest.xml:25:13-27:85
254                android:name="com.google.firebase.components:com.google.firebase.appcheck.FirebaseAppCheckKtxRegistrar"
254-->[com.google.firebase:firebase-appcheck:18.0.0] AndroidManifest.xml:26:17-120
255                android:value="com.google.firebase.components.ComponentRegistrar" />
255-->[com.google.firebase:firebase-appcheck:18.0.0] AndroidManifest.xml:27:17-82
256            <meta-data
256-->[com.google.firebase:firebase-appcheck:18.0.0] AndroidManifest.xml:28:13-30:85
257                android:name="com.google.firebase.components:com.google.firebase.appcheck.FirebaseAppCheckRegistrar"
257-->[com.google.firebase:firebase-appcheck:18.0.0] AndroidManifest.xml:29:17-117
258                android:value="com.google.firebase.components.ComponentRegistrar" />
258-->[com.google.firebase:firebase-appcheck:18.0.0] AndroidManifest.xml:30:17-82
259            <meta-data
259-->[com.google.firebase:firebase-common-ktx:21.0.0] AndroidManifest.xml:12:13-14:85
260                android:name="com.google.firebase.components:com.google.firebase.ktx.FirebaseCommonLegacyRegistrar"
260-->[com.google.firebase:firebase-common-ktx:21.0.0] AndroidManifest.xml:13:17-116
261                android:value="com.google.firebase.components.ComponentRegistrar" />
261-->[com.google.firebase:firebase-common-ktx:21.0.0] AndroidManifest.xml:14:17-82
262            <meta-data
262-->[com.google.firebase:firebase-common:21.0.0] AndroidManifest.xml:35:13-37:85
263                android:name="com.google.firebase.components:com.google.firebase.FirebaseCommonKtxRegistrar"
263-->[com.google.firebase:firebase-common:21.0.0] AndroidManifest.xml:36:17-109
264                android:value="com.google.firebase.components.ComponentRegistrar" />
264-->[com.google.firebase:firebase-common:21.0.0] AndroidManifest.xml:37:17-82
265        </service>
266
267        <activity
267-->[com.google.firebase:firebase-auth:23.2.0] AndroidManifest.xml:29:9-46:20
268            android:name="com.google.firebase.auth.internal.GenericIdpActivity"
268-->[com.google.firebase:firebase-auth:23.2.0] AndroidManifest.xml:30:13-80
269            android:excludeFromRecents="true"
269-->[com.google.firebase:firebase-auth:23.2.0] AndroidManifest.xml:31:13-46
270            android:exported="true"
270-->[com.google.firebase:firebase-auth:23.2.0] AndroidManifest.xml:32:13-36